c:\users\miiwo\source\repos\cst320 - compiler methods projects\cst320_assign4_christianrhodes\turtlecompiler_assign4\turtlecompiler\turtleyacc.tab.cpp
c:\users\miiwo\source\repos\cst320 - compiler methods projects\cst320_assign4_christianrhodes\turtlecompiler_assign4\turtlecompiler\turtlelex.flex.cpp
c:\users\miiwo\source\repos\cst320 - compiler methods projects\cst320_assign4_christianrhodes\turtlecompiler_assign4\turtlecompiler\debug\vc141.pdb
c:\users\miiwo\source\repos\cst320 - compiler methods projects\cst320_assign4_christianrhodes\turtlecompiler_assign4\turtlecompiler\debug\vc141.idb
c:\users\miiwo\source\repos\cst320 - compiler methods projects\cst320_assign4_christianrhodes\turtlecompiler_assign4\turtlecompiler\debug\turtleyacc.tab.obj
c:\users\miiwo\source\repos\cst320 - compiler methods projects\cst320_assign4_christianrhodes\turtlecompiler_assign4\turtlecompiler\debug\turtlelex.flex.obj
c:\users\miiwo\source\repos\cst320 - compiler methods projects\cst320_assign4_christianrhodes\turtlecompiler_assign4\turtlecompiler\debug\turtlecompiler.obj
c:\users\miiwo\source\repos\cst320 - compiler methods projects\cst320_assign4_christianrhodes\turtlecompiler_assign4\turtlecompiler\debug\tree.obj
c:\users\miiwo\source\repos\cst320 - compiler methods projects\cst320_assign4_christianrhodes\turtlecompiler_assign4\turtlecompiler\debug\symtable.obj
c:\users\miiwo\source\repos\cst320 - compiler methods projects\cst320_assign4_christianrhodes\turtlecompiler_assign4\turtlecompiler\debug\codegen.obj
c:\users\miiwo\source\repos\cst320 - compiler methods projects\cst320_assign4_christianrhodes\turtlecompiler_assign4\debug\turtlecompiler.ilk
c:\users\miiwo\source\repos\cst320 - compiler methods projects\cst320_assign4_christianrhodes\turtlecompiler_assign4\debug\turtlecompiler.exe
c:\users\miiwo\source\repos\cst320 - compiler methods projects\cst320_assign4_christianrhodes\turtlecompiler_assign4\debug\turtlecompiler.pdb
c:\users\miiwo\source\repos\cst320 - compiler methods projects\cst320_assign4_christianrhodes\turtlecompiler_assign4\turtlecompiler\debug\turtlecompiler.write.1.tlog
c:\users\miiwo\source\repos\cst320 - compiler methods projects\cst320_assign4_christianrhodes\turtlecompiler_assign4\turtlecompiler\debug\turtlecompiler.tlog\cl.command.1.tlog
c:\users\miiwo\source\repos\cst320 - compiler methods projects\cst320_assign4_christianrhodes\turtlecompiler_assign4\turtlecompiler\debug\turtlecompiler.tlog\cl.read.1.tlog
c:\users\miiwo\source\repos\cst320 - compiler methods projects\cst320_assign4_christianrhodes\turtlecompiler_assign4\turtlecompiler\debug\turtlecompiler.tlog\cl.write.1.tlog
c:\users\miiwo\source\repos\cst320 - compiler methods projects\cst320_assign4_christianrhodes\turtlecompiler_assign4\turtlecompiler\debug\turtlecompiler.tlog\link.command.1.tlog
c:\users\miiwo\source\repos\cst320 - compiler methods projects\cst320_assign4_christianrhodes\turtlecompiler_assign4\turtlecompiler\debug\turtlecompiler.tlog\link.read.1.tlog
c:\users\miiwo\source\repos\cst320 - compiler methods projects\cst320_assign4_christianrhodes\turtlecompiler_assign4\turtlecompiler\debug\turtlecompiler.tlog\link.write.1.tlog
